Analysis & Synthesis report for Sistema
Sat Nov 15 21:58:38 2025
Quartus Prime Version 22.1std.1 Build 917 02/14/2023 SC Lite Edition


---------------------
; Table of Contents ;
---------------------
  1. Legal Notice
  2. Analysis & Synthesis Summary
  3. Analysis & Synthesis Settings
  4. Parallel Compilation
  5. Analysis & Synthesis Source Files Read
  6. Analysis & Synthesis Resource Usage Summary
  7. Analysis & Synthesis Resource Utilization by Entity
  8. State Machine - |Sistema|svc_broker:u_broker|state
  9. State Machine - |Sistema|svc_broker:u_broker|svc_risk_analysis:u_svc_risk|state
 10. State Machine - |Sistema|svc_broker:u_broker|svc_risk_analysis:u_svc_risk|ms_risk_index:u_ms_index|state
 11. State Machine - |Sistema|svc_broker:u_broker|svc_risk_analysis:u_svc_risk|ms_eval_tariff:u_ms_tariff|state
 12. State Machine - |Sistema|svc_client:u_client|state
 13. Registers Removed During Synthesis
 14. Removed Registers Triggering Further Register Optimizations
 15. General Register Statistics
 16. Multiplexer Restructuring Statistics (Restructuring Performed)
 17. Port Connectivity Checks: "svc_broker:u_broker|svc_risk_analysis:u_svc_risk|ms_eval_tariff:u_ms_tariff"
 18. Port Connectivity Checks: "svc_broker:u_broker|svc_risk_analysis:u_svc_risk"
 19. Post-Synthesis Netlist Statistics for Top Partition
 20. Elapsed Time Per Partition
 21. Analysis & Synthesis Messages



----------------
; Legal Notice ;
----------------
Copyright (C) 2023  Intel Corporation. All rights reserved.
Your use of Intel Corporation's design tools, logic functions 
and other software and tools, and any partner logic 
functions, and any output files from any of the foregoing 
(including device programming or simulation files), and any 
associated documentation or information are expressly subject 
to the terms and conditions of the Intel Program License 
Subscription Agreement, the Intel Quartus Prime License Agreement,
the Intel FPGA IP License Agreement, or other applicable license
agreement, including, without limitation, that your use is for
the sole purpose of programming logic devices manufactured by
Intel and sold by Intel or its authorized distributors.  Please
refer to the applicable agreement for further details, at
https://fpgasoftware.intel.com/eula.



+----------------------------------------------------------------------------------+
; Analysis & Synthesis Summary                                                     ;
+---------------------------------+------------------------------------------------+
; Analysis & Synthesis Status     ; Successful - Sat Nov 15 21:58:38 2025          ;
; Quartus Prime Version           ; 22.1std.1 Build 917 02/14/2023 SC Lite Edition ;
; Revision Name                   ; Sistema                                        ;
; Top-level Entity Name           ; Sistema                                        ;
; Family                          ; Cyclone V                                      ;
; Logic utilization (in ALMs)     ; N/A                                            ;
; Total registers                 ; 37                                             ;
; Total pins                      ; 32                                             ;
; Total virtual pins              ; 0                                              ;
; Total block memory bits         ; 0                                              ;
; Total DSP Blocks                ; 0                                              ;
; Total HSSI RX PCSs              ; 0                                              ;
; Total HSSI PMA RX Deserializers ; 0                                              ;
; Total HSSI TX PCSs              ; 0                                              ;
; Total HSSI PMA TX Serializers   ; 0                                              ;
; Total PLLs                      ; 0                                              ;
; Total DLLs                      ; 0                                              ;
+---------------------------------+------------------------------------------------+


+---------------------------------------------------------------------------------------------------------------------------+
; Analysis & Synthesis Settings                                                                                             ;
+---------------------------------------------------------------------------------+--------------------+--------------------+
; Option                                                                          ; Setting            ; Default Value      ;
+---------------------------------------------------------------------------------+--------------------+--------------------+
; Device                                                                          ; 5CEBA4F23C7        ;                    ;
; Top-level entity name                                                           ; Sistema            ; Sistema            ;
; Family name                                                                     ; Cyclone V          ; Cyclone V          ;
; Use smart compilation                                                           ; Off                ; Off                ;
; Enable parallel Assembler and Timing Analyzer during compilation                ; On                 ; On                 ;
; Enable compact report table                                                     ; Off                ; Off                ;
; Restructure Multiplexers                                                        ; Auto               ; Auto               ;
; MLAB Add Timing Constraints For Mixed-Port Feed-Through Mode Setting Don't Care ; Off                ; Off                ;
; Create Debugging Nodes for IP Cores                                             ; Off                ; Off                ;
; Preserve fewer node names                                                       ; On                 ; On                 ;
; Intel FPGA IP Evaluation Mode                                                   ; Enable             ; Enable             ;
; Verilog Version                                                                 ; Verilog_2001       ; Verilog_2001       ;
; VHDL Version                                                                    ; VHDL_1993          ; VHDL_1993          ;
; State Machine Processing                                                        ; Auto               ; Auto               ;
; Safe State Machine                                                              ; Off                ; Off                ;
; Extract Verilog State Machines                                                  ; On                 ; On                 ;
; Extract VHDL State Machines                                                     ; On                 ; On                 ;
; Ignore Verilog initial constructs                                               ; Off                ; Off                ;
; Iteration limit for constant Verilog loops                                      ; 5000               ; 5000               ;
; Iteration limit for non-constant Verilog loops                                  ; 250                ; 250                ;
; Add Pass-Through Logic to Inferred RAMs                                         ; On                 ; On                 ;
; Infer RAMs from Raw Logic                                                       ; On                 ; On                 ;
; Parallel Synthesis                                                              ; On                 ; On                 ;
; DSP Block Balancing                                                             ; Auto               ; Auto               ;
; NOT Gate Push-Back                                                              ; On                 ; On                 ;
; Power-Up Don't Care                                                             ; On                 ; On                 ;
; Remove Redundant Logic Cells                                                    ; Off                ; Off                ;
; Remove Duplicate Registers                                                      ; On                 ; On                 ;
; Ignore CARRY Buffers                                                            ; Off                ; Off                ;
; Ignore CASCADE Buffers                                                          ; Off                ; Off                ;
; Ignore GLOBAL Buffers                                                           ; Off                ; Off                ;
; Ignore ROW GLOBAL Buffers                                                       ; Off                ; Off                ;
; Ignore LCELL Buffers                                                            ; Off                ; Off                ;
; Ignore SOFT Buffers                                                             ; On                 ; On                 ;
; Limit AHDL Integers to 32 Bits                                                  ; Off                ; Off                ;
; Optimization Technique                                                          ; Balanced           ; Balanced           ;
; Carry Chain Length                                                              ; 70                 ; 70                 ;
; Auto Carry Chains                                                               ; On                 ; On                 ;
; Auto Open-Drain Pins                                                            ; On                 ; On                 ;
; Perform WYSIWYG Primitive Resynthesis                                           ; Off                ; Off                ;
; Auto ROM Replacement                                                            ; On                 ; On                 ;
; Auto RAM Replacement                                                            ; On                 ; On                 ;
; Auto DSP Block Replacement                                                      ; On                 ; On                 ;
; Auto Shift Register Replacement                                                 ; Auto               ; Auto               ;
; Allow Shift Register Merging across Hierarchies                                 ; Auto               ; Auto               ;
; Auto Clock Enable Replacement                                                   ; On                 ; On                 ;
; Strict RAM Replacement                                                          ; Off                ; Off                ;
; Allow Synchronous Control Signals                                               ; On                 ; On                 ;
; Force Use of Synchronous Clear Signals                                          ; Off                ; Off                ;
; Auto Resource Sharing                                                           ; Off                ; Off                ;
; Allow Any RAM Size For Recognition                                              ; Off                ; Off                ;
; Allow Any ROM Size For Recognition                                              ; Off                ; Off                ;
; Allow Any Shift Register Size For Recognition                                   ; Off                ; Off                ;
; Use LogicLock Constraints during Resource Balancing                             ; On                 ; On                 ;
; Ignore translate_off and synthesis_off directives                               ; Off                ; Off                ;
; Timing-Driven Synthesis                                                         ; On                 ; On                 ;
; Report Parameter Settings                                                       ; On                 ; On                 ;
; Report Source Assignments                                                       ; On                 ; On                 ;
; Report Connectivity Checks                                                      ; On                 ; On                 ;
; Ignore Maximum Fan-Out Assignments                                              ; Off                ; Off                ;
; Synchronization Register Chain Length                                           ; 3                  ; 3                  ;
; Power Optimization During Synthesis                                             ; Normal compilation ; Normal compilation ;
; HDL message level                                                               ; Level2             ; Level2             ;
; Suppress Register Optimization Related Messages                                 ; Off                ; Off                ;
; Number of Removed Registers Reported in Synthesis Report                        ; 5000               ; 5000               ;
; Number of Swept Nodes Reported in Synthesis Report                              ; 5000               ; 5000               ;
; Number of Inverted Registers Reported in Synthesis Report                       ; 100                ; 100                ;
; Clock MUX Protection                                                            ; On                 ; On                 ;
; Auto Gated Clock Conversion                                                     ; Off                ; Off                ;
; Block Design Naming                                                             ; Auto               ; Auto               ;
; SDC constraint protection                                                       ; Off                ; Off                ;
; Synthesis Effort                                                                ; Auto               ; Auto               ;
; Shift Register Replacement - Allow Asynchronous Clear Signal                    ; On                 ; On                 ;
; Pre-Mapping Resynthesis Optimization                                            ; Off                ; Off                ;
; Analysis & Synthesis Message Level                                              ; Medium             ; Medium             ;
; Disable Register Merging Across Hierarchies                                     ; Auto               ; Auto               ;
; Resource Aware Inference For Block RAM                                          ; On                 ; On                 ;
; Automatic Parallel Synthesis                                                    ; On                 ; On                 ;
; Partial Reconfiguration Bitstream ID                                            ; Off                ; Off                ;
+---------------------------------------------------------------------------------+--------------------+--------------------+


+------------------------------------------+
; Parallel Compilation                     ;
+----------------------------+-------------+
; Processors                 ; Number      ;
+----------------------------+-------------+
; Number detected on machine ; 12          ;
; Maximum allowed            ; 10          ;
;                            ;             ;
; Average used               ; 1.00        ;
; Maximum used               ; 10          ;
;                            ;             ;
; Usage by Processor         ; % Time Used ;
;     Processor 1            ; 100.0%      ;
;     Processors 2-10        ;   0.0%      ;
+----------------------------+-------------+


+-------------------------------------------------------------------------------------------------------------------------------------------------------------------+
; Analysis & Synthesis Source Files Read                                                                                                                            ;
+----------------------------------+-----------------+-----------------+----------------------------------------------------------------------------------+---------+
; File Name with User-Entered Path ; Used in Netlist ; File Type       ; File Name with Absolute Path                                                     ; Library ;
+----------------------------------+-----------------+-----------------+----------------------------------------------------------------------------------+---------+
; Sistema.vhd                      ; yes             ; User VHDL File  ; C:/Dev/Faculdade/DLP/Projetos/SistemaGestaoConsumoEletrico/Sistema.vhd           ;         ;
; svc_client.vhd                   ; yes             ; User VHDL File  ; C:/Dev/Faculdade/DLP/Projetos/SistemaGestaoConsumoEletrico/svc_client.vhd        ;         ;
; svc_broker.vhd                   ; yes             ; User VHDL File  ; C:/Dev/Faculdade/DLP/Projetos/SistemaGestaoConsumoEletrico/svc_broker.vhd        ;         ;
; svc_risk_analysis.vhd            ; yes             ; User VHDL File  ; C:/Dev/Faculdade/DLP/Projetos/SistemaGestaoConsumoEletrico/svc_risk_analysis.vhd ;         ;
; ms_eval_tariff.vhd               ; yes             ; User VHDL File  ; C:/Dev/Faculdade/DLP/Projetos/SistemaGestaoConsumoEletrico/ms_eval_tariff.vhd    ;         ;
; soa_energy_pkg.vhd               ; yes             ; User VHDL File  ; C:/Dev/Faculdade/DLP/Projetos/SistemaGestaoConsumoEletrico/soa_energy_pkg.vhd    ;         ;
; ms_risk_index.vhd                ; yes             ; User VHDL File  ; C:/Dev/Faculdade/DLP/Projetos/SistemaGestaoConsumoEletrico/ms_risk_index.vhd     ;         ;
+----------------------------------+-----------------+-----------------+----------------------------------------------------------------------------------+---------+


+---------------------------------------------------------+
; Analysis & Synthesis Resource Usage Summary             ;
+---------------------------------------------+-----------+
; Resource                                    ; Usage     ;
+---------------------------------------------+-----------+
; Estimate of Logic utilization (ALMs needed) ; 21        ;
;                                             ;           ;
; Combinational ALUT usage for logic          ; 28        ;
;     -- 7 input functions                    ; 0         ;
;     -- 6 input functions                    ; 2         ;
;     -- 5 input functions                    ; 3         ;
;     -- 4 input functions                    ; 4         ;
;     -- <=3 input functions                  ; 19        ;
;                                             ;           ;
; Dedicated logic registers                   ; 37        ;
;                                             ;           ;
; I/O pins                                    ; 32        ;
;                                             ;           ;
; Total DSP Blocks                            ; 0         ;
;                                             ;           ;
; Maximum fan-out node                        ; clk~input ;
; Maximum fan-out                             ; 37        ;
; Total fan-out                               ; 251       ;
; Average fan-out                             ; 1.95      ;
+---------------------------------------------+-----------+


+--------------------------------------------------------------------------------------------------------------------------------------------------------------------------------------------------------------------------------------------------------------------------+
; Analysis & Synthesis Resource Utilization by Entity                                                                                                                                                                                                                      ;
+---------------------------------------+---------------------+---------------------------+-------------------+------------+------+--------------+--------------------------------------------------------------------------------------+-------------------+--------------+
; Compilation Hierarchy Node            ; Combinational ALUTs ; Dedicated Logic Registers ; Block Memory Bits ; DSP Blocks ; Pins ; Virtual Pins ; Full Hierarchy Name                                                                  ; Entity Name       ; Library Name ;
+---------------------------------------+---------------------+---------------------------+-------------------+------------+------+--------------+--------------------------------------------------------------------------------------+-------------------+--------------+
; |Sistema                              ; 28 (0)              ; 37 (0)                    ; 0                 ; 0          ; 32   ; 0            ; |Sistema                                                                             ; Sistema           ; work         ;
;    |svc_broker:u_broker|              ; 18 (7)              ; 25 (10)                   ; 0                 ; 0          ; 0    ; 0            ; |Sistema|svc_broker:u_broker                                                         ; svc_broker        ; work         ;
;       |svc_risk_analysis:u_svc_risk|  ; 11 (7)              ; 15 (7)                    ; 0                 ; 0          ; 0    ; 0            ; |Sistema|svc_broker:u_broker|svc_risk_analysis:u_svc_risk                            ; svc_risk_analysis ; work         ;
;          |ms_eval_tariff:u_ms_tariff| ; 2 (2)               ; 4 (4)                     ; 0                 ; 0          ; 0    ; 0            ; |Sistema|svc_broker:u_broker|svc_risk_analysis:u_svc_risk|ms_eval_tariff:u_ms_tariff ; ms_eval_tariff    ; work         ;
;          |ms_risk_index:u_ms_index|   ; 2 (2)               ; 4 (4)                     ; 0                 ; 0          ; 0    ; 0            ; |Sistema|svc_broker:u_broker|svc_risk_analysis:u_svc_risk|ms_risk_index:u_ms_index   ; ms_risk_index     ; work         ;
;    |svc_client:u_client|              ; 10 (10)             ; 12 (12)                   ; 0                 ; 0          ; 0    ; 0            ; |Sistema|svc_client:u_client                                                         ; svc_client        ; work         ;
+---------------------------------------+---------------------+---------------------------+-------------------+------------+------+--------------+--------------------------------------------------------------------------------------+-------------------+--------------+
Note: For table entries with two numbers listed, the numbers in parentheses indicate the number of resources of the given type used by the specific entity alone. The numbers listed outside of parentheses indicate the total resources of the given type used by the specific entity and all of its sub-entities in the hierarchy.


Encoding Type:  One-Hot
+----------------------------------------------------------------------------------------------------------------------------------------+
; State Machine - |Sistema|svc_broker:u_broker|state                                                                                     ;
+----------------------+----------------+----------------------+-------------------+-------------------+-----------------+---------------+
; Name                 ; state.ST_ERROR ; state.ST_RETURN_RESP ; state.ST_WAIT_SVC ; state.ST_DISPATCH ; state.ST_DECODE ; state.ST_IDLE ;
+----------------------+----------------+----------------------+-------------------+-------------------+-----------------+---------------+
; state.ST_IDLE        ; 0              ; 0                    ; 0                 ; 0                 ; 0               ; 0             ;
; state.ST_DECODE      ; 0              ; 0                    ; 0                 ; 0                 ; 1               ; 1             ;
; state.ST_DISPATCH    ; 0              ; 0                    ; 0                 ; 1                 ; 0               ; 1             ;
; state.ST_WAIT_SVC    ; 0              ; 0                    ; 1                 ; 0                 ; 0               ; 1             ;
; state.ST_RETURN_RESP ; 0              ; 1                    ; 0                 ; 0                 ; 0               ; 1             ;
; state.ST_ERROR       ; 1              ; 0                    ; 0                 ; 0                 ; 0               ; 1             ;
+----------------------+----------------+----------------------+-------------------+-------------------+-----------------+---------------+


Encoding Type:  One-Hot
+-------------------------------------------------------------------------------------------------------------------------------------------------------------------+
; State Machine - |Sistema|svc_broker:u_broker|svc_risk_analysis:u_svc_risk|state                                                                                   ;
+-----------------------+--------------+--------------------+--------------------+-----------------------+---------------------+---------------------+--------------+
; Name                  ; state.S_DONE ; state.S_WAIT_INDEX ; state.S_CALL_INDEX ; state.S_COMPUTE_SCORE ; state.S_WAIT_TARIFF ; state.S_CALL_TARIFF ; state.S_IDLE ;
+-----------------------+--------------+--------------------+--------------------+-----------------------+---------------------+---------------------+--------------+
; state.S_IDLE          ; 0            ; 0                  ; 0                  ; 0                     ; 0                   ; 0                   ; 0            ;
; state.S_CALL_TARIFF   ; 0            ; 0                  ; 0                  ; 0                     ; 0                   ; 1                   ; 1            ;
; state.S_WAIT_TARIFF   ; 0            ; 0                  ; 0                  ; 0                     ; 1                   ; 0                   ; 1            ;
; state.S_COMPUTE_SCORE ; 0            ; 0                  ; 0                  ; 1                     ; 0                   ; 0                   ; 1            ;
; state.S_CALL_INDEX    ; 0            ; 0                  ; 1                  ; 0                     ; 0                   ; 0                   ; 1            ;
; state.S_WAIT_INDEX    ; 0            ; 1                  ; 0                  ; 0                     ; 0                   ; 0                   ; 1            ;
; state.S_DONE          ; 1            ; 0                  ; 0                  ; 0                     ; 0                   ; 0                   ; 1            ;
+-----------------------+--------------+--------------------+--------------------+-----------------------+---------------------+---------------------+--------------+


Encoding Type:  One-Hot
+----------------------------------------------------------------------------------------------------------+
; State Machine - |Sistema|svc_broker:u_broker|svc_risk_analysis:u_svc_risk|ms_risk_index:u_ms_index|state ;
+------------------+---------------+------------------+----------------------------------------------------+
; Name             ; state.MS_DONE ; state.MS_PROCESS ; state.MS_IDLE                                      ;
+------------------+---------------+------------------+----------------------------------------------------+
; state.MS_IDLE    ; 0             ; 0                ; 0                                                  ;
; state.MS_PROCESS ; 0             ; 1                ; 1                                                  ;
; state.MS_DONE    ; 1             ; 0                ; 1                                                  ;
+------------------+---------------+------------------+----------------------------------------------------+


Encoding Type:  One-Hot
+------------------------------------------------------------------------------------------------------------+
; State Machine - |Sistema|svc_broker:u_broker|svc_risk_analysis:u_svc_risk|ms_eval_tariff:u_ms_tariff|state ;
+------------------+---------------+------------------+------------------------------------------------------+
; Name             ; state.MS_DONE ; state.MS_PROCESS ; state.MS_IDLE                                        ;
+------------------+---------------+------------------+------------------------------------------------------+
; state.MS_IDLE    ; 0             ; 0                ; 0                                                    ;
; state.MS_PROCESS ; 0             ; 1                ; 1                                                    ;
; state.MS_DONE    ; 1             ; 0                ; 1                                                    ;
+------------------+---------------+------------------+------------------------------------------------------+


Encoding Type:  One-Hot
+---------------------------------------------------------------------------------------------------------------------+
; State Machine - |Sistema|svc_client:u_client|state                                                                  ;
+--------------------+--------------------+--------------------+-------------------+------------------+---------------+
; Name               ; state.ST_SHOW_RESP ; state.ST_WAIT_RESP ; state.ST_SEND_REQ ; state.ST_CAPTURE ; state.ST_IDLE ;
+--------------------+--------------------+--------------------+-------------------+------------------+---------------+
; state.ST_IDLE      ; 0                  ; 0                  ; 0                 ; 0                ; 0             ;
; state.ST_CAPTURE   ; 0                  ; 0                  ; 0                 ; 1                ; 1             ;
; state.ST_SEND_REQ  ; 0                  ; 0                  ; 1                 ; 0                ; 1             ;
; state.ST_WAIT_RESP ; 0                  ; 1                  ; 0                 ; 0                ; 1             ;
; state.ST_SHOW_RESP ; 1                  ; 0                  ; 0                 ; 0                ; 1             ;
+--------------------+--------------------+--------------------+-------------------+------------------+---------------+


+---------------------------------------------------------------------------------------------------------------------------------------------------+
; Registers Removed During Synthesis                                                                                                                ;
+------------------------------------------------------------------------------------------------+--------------------------------------------------+
; Register name                                                                                  ; Reason for Removal                               ;
+------------------------------------------------------------------------------------------------+--------------------------------------------------+
; svc_broker:u_broker|svc_risk_analysis:u_svc_risk|reg_total_level[4..7]                         ; Stuck at GND due to stuck port data_in           ;
; svc_broker:u_broker|svc_risk_analysis:u_svc_risk|ms_eval_tariff:u_ms_tariff|reg_data_out[3..5] ; Stuck at GND due to stuck port data_in           ;
; svc_client:u_client|reg_req_data[6,7]                                                          ; Stuck at GND due to stuck port data_in           ;
; svc_broker:u_broker|reg_req_data[6,7]                                                          ; Stuck at GND due to stuck port data_in           ;
; svc_broker:u_broker|svc_risk_analysis:u_svc_risk|reg_tariff_weight[3..5]                       ; Stuck at GND due to stuck port data_in           ;
; svc_broker:u_broker|svc_risk_analysis:u_svc_risk|ms_risk_index:u_ms_index|reg_out[2..7]        ; Stuck at GND due to stuck port data_in           ;
; svc_broker:u_broker|svc_risk_analysis:u_svc_risk|ms_eval_tariff:u_ms_tariff|reg_data_in[6,7]   ; Stuck at GND due to stuck port data_in           ;
; svc_broker:u_broker|svc_risk_analysis:u_svc_risk|reg_result[2..7]                              ; Stuck at GND due to stuck port data_in           ;
; svc_broker:u_broker|svc_risk_analysis:u_svc_risk|ms_eval_tariff:u_ms_tariff|reg_data_out[1,2]  ; Stuck at GND due to stuck port data_in           ;
; svc_broker:u_broker|reg_resp_data[2..7]                                                        ; Stuck at GND due to stuck port data_in           ;
; svc_broker:u_broker|svc_risk_analysis:u_svc_risk|reg_tariff_weight[1,2]                        ; Stuck at GND due to stuck port data_in           ;
; svc_broker:u_broker|svc_risk_analysis:u_svc_risk|reg_score[5..7]                               ; Stuck at GND due to stuck port data_in           ;
; svc_client:u_client|reg_resp_data[2..6]                                                        ; Merged with svc_client:u_client|reg_resp_data[7] ;
; svc_broker:u_broker|svc_risk_analysis:u_svc_risk|reg_score[0]                                  ; Lost fanout                                      ;
; svc_broker:u_broker|svc_risk_analysis:u_svc_risk|reg_total_level[0]                            ; Lost fanout                                      ;
; svc_broker:u_broker|svc_risk_analysis:u_svc_risk|reg_score[1]                                  ; Lost fanout                                      ;
; svc_broker:u_broker|svc_risk_analysis:u_svc_risk|reg_total_level[1]                            ; Lost fanout                                      ;
; svc_broker:u_broker|svc_risk_analysis:u_svc_risk|reg_score[2..4]                               ; Lost fanout                                      ;
; svc_broker:u_broker|svc_risk_analysis:u_svc_risk|reg_total_level[3]                            ; Lost fanout                                      ;
; svc_broker:u_broker|svc_risk_analysis:u_svc_risk|reg_tariff_weight[0]                          ; Lost fanout                                      ;
; svc_broker:u_broker|svc_risk_analysis:u_svc_risk|ms_eval_tariff:u_ms_tariff|reg_data_out[0]    ; Lost fanout                                      ;
; svc_broker:u_broker|svc_risk_analysis:u_svc_risk|reg_total_level[2]                            ; Lost fanout                                      ;
; svc_broker:u_broker|reg_req_data[2]                                                            ; Lost fanout                                      ;
; svc_client:u_client|reg_req_data[2]                                                            ; Lost fanout                                      ;
; svc_broker:u_broker|reg_req_data[4]                                                            ; Lost fanout                                      ;
; svc_client:u_client|reg_req_data[4]                                                            ; Lost fanout                                      ;
; svc_broker:u_broker|reg_req_data[3]                                                            ; Lost fanout                                      ;
; svc_client:u_client|reg_req_data[3]                                                            ; Lost fanout                                      ;
; svc_broker:u_broker|reg_req_data[5]                                                            ; Lost fanout                                      ;
; svc_client:u_client|reg_req_data[5]                                                            ; Lost fanout                                      ;
; svc_broker:u_broker|reg_req_data[0]                                                            ; Lost fanout                                      ;
; svc_client:u_client|reg_req_data[0]                                                            ; Lost fanout                                      ;
; svc_broker:u_broker|reg_req_data[1]                                                            ; Lost fanout                                      ;
; svc_client:u_client|reg_req_data[1]                                                            ; Lost fanout                                      ;
; svc_broker:u_broker|svc_risk_analysis:u_svc_risk|ms_risk_index:u_ms_index|reg_out[0,1]         ; Stuck at GND due to stuck port data_in           ;
; svc_broker:u_broker|svc_risk_analysis:u_svc_risk|reg_result[0,1]                               ; Stuck at GND due to stuck port data_in           ;
; svc_broker:u_broker|reg_resp_data[0,1]                                                         ; Stuck at GND due to stuck port data_in           ;
; svc_client:u_client|reg_resp_data[1,7]                                                         ; Merged with svc_client:u_client|reg_resp_data[0] ;
; Total Number of Removed Registers = 77                                                         ;                                                  ;
+------------------------------------------------------------------------------------------------+--------------------------------------------------+


+------------------------------------------------------------------------------------------------------------------------------------------------------------------------------------------------------------------------+
; Removed Registers Triggering Further Register Optimizations                                                                                                                                                            ;
+---------------------------------------------------------------------------------------------+---------------------------+----------------------------------------------------------------------------------------------+
; Register name                                                                               ; Reason for Removal        ; Registers Removed due to This Register                                                       ;
+---------------------------------------------------------------------------------------------+---------------------------+----------------------------------------------------------------------------------------------+
; svc_broker:u_broker|svc_risk_analysis:u_svc_risk|reg_score[0]                               ; Lost Fanouts              ; svc_broker:u_broker|svc_risk_analysis:u_svc_risk|reg_total_level[0],                         ;
;                                                                                             ;                           ; svc_broker:u_broker|reg_req_data[2], svc_client:u_client|reg_req_data[2],                    ;
;                                                                                             ;                           ; svc_broker:u_broker|reg_req_data[4], svc_client:u_client|reg_req_data[4],                    ;
;                                                                                             ;                           ; svc_broker:u_broker|reg_req_data[3], svc_client:u_client|reg_req_data[3],                    ;
;                                                                                             ;                           ; svc_broker:u_broker|reg_req_data[5], svc_client:u_client|reg_req_data[5],                    ;
;                                                                                             ;                           ; svc_broker:u_broker|reg_req_data[0], svc_client:u_client|reg_req_data[0],                    ;
;                                                                                             ;                           ; svc_broker:u_broker|reg_req_data[1], svc_client:u_client|reg_req_data[1]                     ;
; svc_broker:u_broker|svc_risk_analysis:u_svc_risk|reg_total_level[7]                         ; Stuck at GND              ; svc_broker:u_broker|svc_risk_analysis:u_svc_risk|reg_score[7],                               ;
;                                                                                             ; due to stuck port data_in ; svc_broker:u_broker|svc_risk_analysis:u_svc_risk|reg_score[6],                               ;
;                                                                                             ;                           ; svc_broker:u_broker|svc_risk_analysis:u_svc_risk|reg_score[5],                               ;
;                                                                                             ;                           ; svc_broker:u_broker|svc_risk_analysis:u_svc_risk|reg_tariff_weight[0],                       ;
;                                                                                             ;                           ; svc_broker:u_broker|svc_risk_analysis:u_svc_risk|ms_eval_tariff:u_ms_tariff|reg_data_out[0], ;
;                                                                                             ;                           ; svc_broker:u_broker|svc_risk_analysis:u_svc_risk|ms_risk_index:u_ms_index|reg_out[0],        ;
;                                                                                             ;                           ; svc_broker:u_broker|svc_risk_analysis:u_svc_risk|ms_risk_index:u_ms_index|reg_out[1],        ;
;                                                                                             ;                           ; svc_broker:u_broker|svc_risk_analysis:u_svc_risk|reg_result[0],                              ;
;                                                                                             ;                           ; svc_broker:u_broker|svc_risk_analysis:u_svc_risk|reg_result[1],                              ;
;                                                                                             ;                           ; svc_broker:u_broker|reg_resp_data[0], svc_broker:u_broker|reg_resp_data[1]                   ;
; svc_client:u_client|reg_req_data[7]                                                         ; Stuck at GND              ; svc_broker:u_broker|reg_req_data[7],                                                         ;
;                                                                                             ; due to stuck port data_in ; svc_broker:u_broker|svc_risk_analysis:u_svc_risk|ms_eval_tariff:u_ms_tariff|reg_data_in[7],  ;
;                                                                                             ;                           ; svc_broker:u_broker|svc_risk_analysis:u_svc_risk|ms_eval_tariff:u_ms_tariff|reg_data_out[2], ;
;                                                                                             ;                           ; svc_broker:u_broker|svc_risk_analysis:u_svc_risk|ms_eval_tariff:u_ms_tariff|reg_data_out[1], ;
;                                                                                             ;                           ; svc_broker:u_broker|svc_risk_analysis:u_svc_risk|reg_tariff_weight[2],                       ;
;                                                                                             ;                           ; svc_broker:u_broker|svc_risk_analysis:u_svc_risk|reg_tariff_weight[1]                        ;
; svc_client:u_client|reg_req_data[6]                                                         ; Stuck at GND              ; svc_broker:u_broker|reg_req_data[6],                                                         ;
;                                                                                             ; due to stuck port data_in ; svc_broker:u_broker|svc_risk_analysis:u_svc_risk|ms_eval_tariff:u_ms_tariff|reg_data_in[6]   ;
; svc_broker:u_broker|svc_risk_analysis:u_svc_risk|ms_risk_index:u_ms_index|reg_out[7]        ; Stuck at GND              ; svc_broker:u_broker|svc_risk_analysis:u_svc_risk|reg_result[7],                              ;
;                                                                                             ; due to stuck port data_in ; svc_broker:u_broker|reg_resp_data[7]                                                         ;
; svc_broker:u_broker|svc_risk_analysis:u_svc_risk|ms_risk_index:u_ms_index|reg_out[6]        ; Stuck at GND              ; svc_broker:u_broker|svc_risk_analysis:u_svc_risk|reg_result[6],                              ;
;                                                                                             ; due to stuck port data_in ; svc_broker:u_broker|reg_resp_data[6]                                                         ;
; svc_broker:u_broker|svc_risk_analysis:u_svc_risk|ms_risk_index:u_ms_index|reg_out[5]        ; Stuck at GND              ; svc_broker:u_broker|svc_risk_analysis:u_svc_risk|reg_result[5],                              ;
;                                                                                             ; due to stuck port data_in ; svc_broker:u_broker|reg_resp_data[5]                                                         ;
; svc_broker:u_broker|svc_risk_analysis:u_svc_risk|ms_risk_index:u_ms_index|reg_out[4]        ; Stuck at GND              ; svc_broker:u_broker|svc_risk_analysis:u_svc_risk|reg_result[4],                              ;
;                                                                                             ; due to stuck port data_in ; svc_broker:u_broker|reg_resp_data[4]                                                         ;
; svc_broker:u_broker|svc_risk_analysis:u_svc_risk|ms_risk_index:u_ms_index|reg_out[3]        ; Stuck at GND              ; svc_broker:u_broker|svc_risk_analysis:u_svc_risk|reg_result[3],                              ;
;                                                                                             ; due to stuck port data_in ; svc_broker:u_broker|reg_resp_data[3]                                                         ;
; svc_broker:u_broker|svc_risk_analysis:u_svc_risk|ms_risk_index:u_ms_index|reg_out[2]        ; Stuck at GND              ; svc_broker:u_broker|svc_risk_analysis:u_svc_risk|reg_result[2],                              ;
;                                                                                             ; due to stuck port data_in ; svc_broker:u_broker|reg_resp_data[2]                                                         ;
; svc_broker:u_broker|svc_risk_analysis:u_svc_risk|ms_eval_tariff:u_ms_tariff|reg_data_out[5] ; Stuck at GND              ; svc_broker:u_broker|svc_risk_analysis:u_svc_risk|reg_tariff_weight[5]                        ;
;                                                                                             ; due to stuck port data_in ;                                                                                              ;
; svc_broker:u_broker|svc_risk_analysis:u_svc_risk|ms_eval_tariff:u_ms_tariff|reg_data_out[4] ; Stuck at GND              ; svc_broker:u_broker|svc_risk_analysis:u_svc_risk|reg_tariff_weight[4]                        ;
;                                                                                             ; due to stuck port data_in ;                                                                                              ;
; svc_broker:u_broker|svc_risk_analysis:u_svc_risk|ms_eval_tariff:u_ms_tariff|reg_data_out[3] ; Stuck at GND              ; svc_broker:u_broker|svc_risk_analysis:u_svc_risk|reg_tariff_weight[3]                        ;
;                                                                                             ; due to stuck port data_in ;                                                                                              ;
; svc_broker:u_broker|svc_risk_analysis:u_svc_risk|reg_score[1]                               ; Lost Fanouts              ; svc_broker:u_broker|svc_risk_analysis:u_svc_risk|reg_total_level[1]                          ;
; svc_broker:u_broker|svc_risk_analysis:u_svc_risk|reg_score[2]                               ; Lost Fanouts              ; svc_broker:u_broker|svc_risk_analysis:u_svc_risk|reg_total_level[2]                          ;
; svc_broker:u_broker|svc_risk_analysis:u_svc_risk|reg_score[3]                               ; Lost Fanouts              ; svc_broker:u_broker|svc_risk_analysis:u_svc_risk|reg_total_level[3]                          ;
+---------------------------------------------------------------------------------------------+---------------------------+----------------------------------------------------------------------------------------------+


+------------------------------------------------------+
; General Register Statistics                          ;
+----------------------------------------------+-------+
; Statistic                                    ; Value ;
+----------------------------------------------+-------+
; Total registers                              ; 37    ;
; Number of registers using Synchronous Clear  ; 0     ;
; Number of registers using Synchronous Load   ; 0     ;
; Number of registers using Asynchronous Clear ; 37    ;
; Number of registers using Asynchronous Load  ; 0     ;
; Number of registers using Clock Enable       ; 10    ;
; Number of registers using Preset             ; 0     ;
+----------------------------------------------+-------+


+-----------------------------------------------------------------------------------------------------------------------------------------------------------------------------------+
; Multiplexer Restructuring Statistics (Restructuring Performed)                                                                                                                    ;
+--------------------+-----------+---------------+----------------------+------------------------+------------+---------------------------------------------------------------------+
; Multiplexer Inputs ; Bus Width ; Baseline Area ; Area if Restructured ; Saving if Restructured ; Registered ; Example Multiplexer Output                                          ;
+--------------------+-----------+---------------+----------------------+------------------------+------------+---------------------------------------------------------------------+
; 7:1                ; 3 bits    ; 12 LEs        ; 9 LEs                ; 3 LEs                  ; No         ; |Sistema|svc_broker:u_broker|svc_risk_analysis:u_svc_risk|Selector1 ;
+--------------------+-----------+---------------+----------------------+------------------------+------------+---------------------------------------------------------------------+


+--------------------------------------------------------------------------------------------------------------------------+
; Port Connectivity Checks: "svc_broker:u_broker|svc_risk_analysis:u_svc_risk|ms_eval_tariff:u_ms_tariff"                  ;
+----------------+--------+----------+-------------------------------------------------------------------------------------+
; Port           ; Type   ; Severity ; Details                                                                             ;
+----------------+--------+----------+-------------------------------------------------------------------------------------+
; data_out[7..6] ; Output ; Info     ; Connected to dangling logic. Logic that only feeds a dangling port will be removed. ;
+----------------+--------+----------+-------------------------------------------------------------------------------------+


+----------------------------------------------------------------------------------------------------------------+
; Port Connectivity Checks: "svc_broker:u_broker|svc_risk_analysis:u_svc_risk"                                   ;
+------+--------+----------+-------------------------------------------------------------------------------------+
; Port ; Type   ; Severity ; Details                                                                             ;
+------+--------+----------+-------------------------------------------------------------------------------------+
; busy ; Output ; Info     ; Connected to dangling logic. Logic that only feeds a dangling port will be removed. ;
+------+--------+----------+-------------------------------------------------------------------------------------+


+-----------------------------------------------------+
; Post-Synthesis Netlist Statistics for Top Partition ;
+-----------------------+-----------------------------+
; Type                  ; Count                       ;
+-----------------------+-----------------------------+
; arriav_ff             ; 37                          ;
;     CLR               ; 27                          ;
;     ENA CLR           ; 10                          ;
; arriav_lcell_comb     ; 29                          ;
;     normal            ; 29                          ;
;         0 data inputs ; 1                           ;
;         1 data inputs ; 1                           ;
;         2 data inputs ; 8                           ;
;         3 data inputs ; 10                          ;
;         4 data inputs ; 4                           ;
;         5 data inputs ; 3                           ;
;         6 data inputs ; 2                           ;
; boundary_port         ; 32                          ;
;                       ;                             ;
; Max LUT depth         ; 2.00                        ;
; Average LUT depth     ; 0.96                        ;
+-----------------------+-----------------------------+


+-------------------------------+
; Elapsed Time Per Partition    ;
+----------------+--------------+
; Partition Name ; Elapsed Time ;
+----------------+--------------+
; Top            ; 00:00:00     ;
+----------------+--------------+


+-------------------------------+
; Analysis & Synthesis Messages ;
+-------------------------------+
Info: *******************************************************************
Info: Running Quartus Prime Analysis & Synthesis
    Info: Version 22.1std.1 Build 917 02/14/2023 SC Lite Edition
    Info: Processing started: Sat Nov 15 21:58:28 2025
Info: Command: quartus_map --read_settings_files=on --write_settings_files=off SistemaGestaoConsumoEletrico -c Sistema
Warning (18236): Number of processors has not been specified which may cause overloading on shared machines.  Set the global assignment NUM_PARALLEL_PROCESSORS in your QSF to an appropriate value for best performance.
Info (20030): Parallel compilation is enabled and will use 10 of the 10 processors detected
Info (12021): Found 2 design units, including 1 entities, in source file sistema.vhd
    Info (12022): Found design unit 1: Sistema-rtl File: C:/Dev/Faculdade/DLP/Projetos/SistemaGestaoConsumoEletrico/Sistema.vhd Line: 22
    Info (12023): Found entity 1: Sistema File: C:/Dev/Faculdade/DLP/Projetos/SistemaGestaoConsumoEletrico/Sistema.vhd Line: 6
Info (12021): Found 2 design units, including 1 entities, in source file svc_client.vhd
    Info (12022): Found design unit 1: svc_client-rtl File: C:/Dev/Faculdade/DLP/Projetos/SistemaGestaoConsumoEletrico/svc_client.vhd Line: 28
    Info (12023): Found entity 1: svc_client File: C:/Dev/Faculdade/DLP/Projetos/SistemaGestaoConsumoEletrico/svc_client.vhd Line: 6
Info (12021): Found 2 design units, including 1 entities, in source file svc_broker.vhd
    Info (12022): Found design unit 1: svc_broker-rtl File: C:/Dev/Faculdade/DLP/Projetos/SistemaGestaoConsumoEletrico/svc_broker.vhd Line: 23
    Info (12023): Found entity 1: svc_broker File: C:/Dev/Faculdade/DLP/Projetos/SistemaGestaoConsumoEletrico/svc_broker.vhd Line: 6
Info (12021): Found 2 design units, including 1 entities, in source file svc_risk_analysis.vhd
    Info (12022): Found design unit 1: svc_risk_analysis-rtl File: C:/Dev/Faculdade/DLP/Projetos/SistemaGestaoConsumoEletrico/svc_risk_analysis.vhd Line: 20
    Info (12023): Found entity 1: svc_risk_analysis File: C:/Dev/Faculdade/DLP/Projetos/SistemaGestaoConsumoEletrico/svc_risk_analysis.vhd Line: 6
Info (12021): Found 2 design units, including 1 entities, in source file ms_eval_tariff.vhd
    Info (12022): Found design unit 1: ms_eval_tariff-rtl File: C:/Dev/Faculdade/DLP/Projetos/SistemaGestaoConsumoEletrico/ms_eval_tariff.vhd Line: 19
    Info (12023): Found entity 1: ms_eval_tariff File: C:/Dev/Faculdade/DLP/Projetos/SistemaGestaoConsumoEletrico/ms_eval_tariff.vhd Line: 6
Info (12021): Found 1 design units, including 0 entities, in source file soa_energy_pkg.vhd
    Info (12022): Found design unit 1: soa_energy_pkg File: C:/Dev/Faculdade/DLP/Projetos/SistemaGestaoConsumoEletrico/soa_energy_pkg.vhd Line: 5
Info (12021): Found 2 design units, including 1 entities, in source file ms_read_load_c1.vhd
    Info (12022): Found design unit 1: ms_read_load_c1-rtl File: C:/Dev/Faculdade/DLP/Projetos/SistemaGestaoConsumoEletrico/ms_read_load_c1.vhd Line: 17
    Info (12023): Found entity 1: ms_read_load_c1 File: C:/Dev/Faculdade/DLP/Projetos/SistemaGestaoConsumoEletrico/ms_read_load_c1.vhd Line: 6
Info (12021): Found 2 design units, including 1 entities, in source file ms_read_load_c2.vhd
    Info (12022): Found design unit 1: ms_read_load_c2-rtl File: C:/Dev/Faculdade/DLP/Projetos/SistemaGestaoConsumoEletrico/ms_read_load_c2.vhd Line: 17
    Info (12023): Found entity 1: ms_read_load_c2 File: C:/Dev/Faculdade/DLP/Projetos/SistemaGestaoConsumoEletrico/ms_read_load_c2.vhd Line: 6
Info (12021): Found 2 design units, including 1 entities, in source file ms_read_load_c3.vhd
    Info (12022): Found design unit 1: ms_read_load_c3-rtl File: C:/Dev/Faculdade/DLP/Projetos/SistemaGestaoConsumoEletrico/ms_read_load_c3.vhd Line: 17
    Info (12023): Found entity 1: ms_read_load_c3 File: C:/Dev/Faculdade/DLP/Projetos/SistemaGestaoConsumoEletrico/ms_read_load_c3.vhd Line: 6
Info (12021): Found 2 design units, including 1 entities, in source file ms_calc_partial_power.vhd
    Info (12022): Found design unit 1: ms_calc_partial_power-rtl File: C:/Dev/Faculdade/DLP/Projetos/SistemaGestaoConsumoEletrico/ms_calc_partial_power.vhd Line: 17
    Info (12023): Found entity 1: ms_calc_partial_power File: C:/Dev/Faculdade/DLP/Projetos/SistemaGestaoConsumoEletrico/ms_calc_partial_power.vhd Line: 6
Info (12021): Found 2 design units, including 1 entities, in source file ms_risk_index.vhd
    Info (12022): Found design unit 1: ms_risk_index-rtl File: C:/Dev/Faculdade/DLP/Projetos/SistemaGestaoConsumoEletrico/ms_risk_index.vhd Line: 17
    Info (12023): Found entity 1: ms_risk_index File: C:/Dev/Faculdade/DLP/Projetos/SistemaGestaoConsumoEletrico/ms_risk_index.vhd Line: 6
Info (12127): Elaborating entity "Sistema" for the top level hierarchy
Info (12128): Elaborating entity "svc_client" for hierarchy "svc_client:u_client" File: C:/Dev/Faculdade/DLP/Projetos/SistemaGestaoConsumoEletrico/Sistema.vhd Line: 40
Warning (10036): Verilog HDL or VHDL warning at svc_client.vhd(37): object "btn_req_edge" assigned a value but never read File: C:/Dev/Faculdade/DLP/Projetos/SistemaGestaoConsumoEletrico/svc_client.vhd Line: 37
Warning (10492): VHDL Process Statement warning at svc_client.vhd(91): signal "btn_pressed" is read inside the Process Statement but isn't in the Process Statement's sensitivity list File: C:/Dev/Faculdade/DLP/Projetos/SistemaGestaoConsumoEletrico/svc_client.vhd Line: 91
Info (12128): Elaborating entity "svc_broker" for hierarchy "svc_broker:u_broker" File: C:/Dev/Faculdade/DLP/Projetos/SistemaGestaoConsumoEletrico/Sistema.vhd Line: 64
Warning (10036): Verilog HDL or VHDL warning at svc_broker.vhd(30): object "svc_risk_busy" assigned a value but never read File: C:/Dev/Faculdade/DLP/Projetos/SistemaGestaoConsumoEletrico/svc_broker.vhd Line: 30
Info (12128): Elaborating entity "svc_risk_analysis" for hierarchy "svc_broker:u_broker|svc_risk_analysis:u_svc_risk" File: C:/Dev/Faculdade/DLP/Projetos/SistemaGestaoConsumoEletrico/svc_broker.vhd Line: 45
Warning (10492): VHDL Process Statement warning at svc_risk_analysis.vhd(162): signal "reg_score" is read inside the Process Statement but isn't in the Process Statement's sensitivity list File: C:/Dev/Faculdade/DLP/Projetos/SistemaGestaoConsumoEletrico/svc_risk_analysis.vhd Line: 162
Warning (10492): VHDL Process Statement warning at svc_risk_analysis.vhd(176): signal "data_in" is read inside the Process Statement but isn't in the Process Statement's sensitivity list File: C:/Dev/Faculdade/DLP/Projetos/SistemaGestaoConsumoEletrico/svc_risk_analysis.vhd Line: 176
Warning (10492): VHDL Process Statement warning at svc_risk_analysis.vhd(193): signal "reg_score" is read inside the Process Statement but isn't in the Process Statement's sensitivity list File: C:/Dev/Faculdade/DLP/Projetos/SistemaGestaoConsumoEletrico/svc_risk_analysis.vhd Line: 193
Info (12128): Elaborating entity "ms_eval_tariff" for hierarchy "svc_broker:u_broker|svc_risk_analysis:u_svc_risk|ms_eval_tariff:u_ms_tariff" File: C:/Dev/Faculdade/DLP/Projetos/SistemaGestaoConsumoEletrico/svc_risk_analysis.vhd Line: 63
Info (12128): Elaborating entity "ms_risk_index" for hierarchy "svc_broker:u_broker|svc_risk_analysis:u_svc_risk|ms_risk_index:u_ms_index" File: C:/Dev/Faculdade/DLP/Projetos/SistemaGestaoConsumoEletrico/svc_risk_analysis.vhd Line: 76
Warning (13024): Output pins are stuck at VCC or GND
    Warning (13410): Pin "disp7_an[0]" is stuck at VCC File: C:/Dev/Faculdade/DLP/Projetos/SistemaGestaoConsumoEletrico/Sistema.vhd Line: 17
    Warning (13410): Pin "disp7_an[1]" is stuck at VCC File: C:/Dev/Faculdade/DLP/Projetos/SistemaGestaoConsumoEletrico/Sistema.vhd Line: 17
    Warning (13410): Pin "disp7_an[2]" is stuck at VCC File: C:/Dev/Faculdade/DLP/Projetos/SistemaGestaoConsumoEletrico/Sistema.vhd Line: 17
    Warning (13410): Pin "disp7_an[3]" is stuck at VCC File: C:/Dev/Faculdade/DLP/Projetos/SistemaGestaoConsumoEletrico/Sistema.vhd Line: 17
    Warning (13410): Pin "disp7_seg[0]" is stuck at VCC File: C:/Dev/Faculdade/DLP/Projetos/SistemaGestaoConsumoEletrico/Sistema.vhd Line: 18
    Warning (13410): Pin "disp7_seg[1]" is stuck at VCC File: C:/Dev/Faculdade/DLP/Projetos/SistemaGestaoConsumoEletrico/Sistema.vhd Line: 18
    Warning (13410): Pin "disp7_seg[2]" is stuck at VCC File: C:/Dev/Faculdade/DLP/Projetos/SistemaGestaoConsumoEletrico/Sistema.vhd Line: 18
    Warning (13410): Pin "disp7_seg[3]" is stuck at VCC File: C:/Dev/Faculdade/DLP/Projetos/SistemaGestaoConsumoEletrico/Sistema.vhd Line: 18
    Warning (13410): Pin "disp7_seg[4]" is stuck at VCC File: C:/Dev/Faculdade/DLP/Projetos/SistemaGestaoConsumoEletrico/Sistema.vhd Line: 18
    Warning (13410): Pin "disp7_seg[5]" is stuck at VCC File: C:/Dev/Faculdade/DLP/Projetos/SistemaGestaoConsumoEletrico/Sistema.vhd Line: 18
    Warning (13410): Pin "disp7_seg[6]" is stuck at VCC File: C:/Dev/Faculdade/DLP/Projetos/SistemaGestaoConsumoEletrico/Sistema.vhd Line: 18
Info (286030): Timing-Driven Synthesis is running
Info (17049): 23 registers lost all their fanouts during netlist optimizations.
Info (16010): Generating hard_block partition "hard_block:auto_generated_inst"
    Info (16011): Adding 0 node(s), including 0 DDIO, 0 PLL, 0 transceiver and 0 LCELL
Warning (21074): Design contains 6 input pin(s) that do not drive logic
    Warning (15610): No output dependent on input pin "sw[6]" File: C:/Dev/Faculdade/DLP/Projetos/SistemaGestaoConsumoEletrico/Sistema.vhd Line: 12
    Warning (15610): No output dependent on input pin "sw[8]" File: C:/Dev/Faculdade/DLP/Projetos/SistemaGestaoConsumoEletrico/Sistema.vhd Line: 12
    Warning (15610): No output dependent on input pin "sw[7]" File: C:/Dev/Faculdade/DLP/Projetos/SistemaGestaoConsumoEletrico/Sistema.vhd Line: 12
    Warning (15610): No output dependent on input pin "sw[9]" File: C:/Dev/Faculdade/DLP/Projetos/SistemaGestaoConsumoEletrico/Sistema.vhd Line: 12
    Warning (15610): No output dependent on input pin "sw[4]" File: C:/Dev/Faculdade/DLP/Projetos/SistemaGestaoConsumoEletrico/Sistema.vhd Line: 12
    Warning (15610): No output dependent on input pin "sw[5]" File: C:/Dev/Faculdade/DLP/Projetos/SistemaGestaoConsumoEletrico/Sistema.vhd Line: 12
Info (21057): Implemented 79 device resources after synthesis - the final resource count might be different
    Info (21058): Implemented 13 input pins
    Info (21059): Implemented 19 output pins
    Info (21061): Implemented 47 logic cells
Info: Quartus Prime Analysis & Synthesis was successful. 0 errors, 26 warnings
    Info: Peak virtual memory: 4961 megabytes
    Info: Processing ended: Sat Nov 15 21:58:38 2025
    Info: Elapsed time: 00:00:10
    Info: Total CPU time (on all processors): 00:00:21


